{
  "blockTime": 1743049182,
  "meta": {
    "computeUnitsConsumed": 155345,
    "err": null,
    "fee": 20110,
    "innerInstructions": [
      {
        "index": 4,
        "instructions": [
          {
            "accounts": [
              0,
              3
            ],
            "data": "11114XtYk9gGfZoo968fyjNUYQJKf9gdmkGoaoBpzFv4vyaSMBn3VKxZdv7mZLzoyX5YNC",
            "programIdIndex": 11,
            "stackHeight": 2
          },
          {
            "accounts": [
              3
            ],
            "data": "2zyCQrLrJ8qJZ7xwyczebjqcvfE7xKD3E1d1hJ9CX7dGLUQP",
            "programIdIndex": 12,
            "stackHeight": 2
          },
          {
            "accounts": [
              0,
              5,
              0,
              3,
              11,
              12
            ],
            "data": "1",
            "programIdIndex": 19,
            "stackHeight": 2
          },
          {
            "accounts": [
              3
            ],
            "data": "84eT",
            "programIdIndex": 12,
            "stackHeight": 3
          },
          {
            "accounts": [
              0,
              5
            ],
            "data": "11119os1e9qSs2u7TsThXqkBSRVFxhmYaFKFZ1waB2X7armDmvK3p5GmLdUxYdg3h7QSrL",
            "programIdIndex": 11,
            "stackHeight": 3
          },
          {
            "accounts": [
              5
            ],
            "data": "P",
            "programIdIndex": 12,
            "stackHeight": 3
          },
          {
            "accounts": [
              5,
              3
            ],
            "data": "6WE49WckfVewgRJ4R7zgdugWGsixRg6yHjjy6QDWicQLf",
            "programIdIndex": 12,
            "stackHeight": 3
          },
          {
            "accounts": [
              0,
              9
            ],
            "data": "1111bpavYiViwv9Hbb3QGLmrS9KFUUrhxh6Dq8ewmNzqRtsNVKS2gdFg7wJG41VAinriE",
            "programIdIndex": 11,
            "stackHeight": 2
          },
          {
            "accounts": [
              0,
              6
            ],
            "data": "11119os1e9qSs2u7TsThXqkBSRVFxhmYaFKFZ1waB2X7armDmvK3p5GmLdUxYdg3h7QSrL",
            "programIdIndex": 11,
            "stackHeight": 2
          },
          {
            "accounts": [
              6,
              13
            ],
            "data": "6cx4EXdspZYCHamQEx9qc9KhC5SiHpmnowz5zQs9kFQ2J",
            "programIdIndex": 12,
            "stackHeight": 2
          },
          {
            "accounts": [
              0,
              7
            ],
            "data": "11119os1e9qSs2u7TsThXqkBSRVFxhmYaFKFZ1waB2X7armDmvK3p5GmLdUxYdg3h7QSrL",
            "programIdIndex": 11,
            "stackHeight": 2
          },
          {
            "accounts": [
              7,
              17
            ],
            "data": "6cx4EXdspZYCHamQEx9qc9KhC5SiHpmnowz5zQs9kFQ2J",
            "programIdIndex": 12,
            "stackHeight": 2
          },
          {
            "accounts": [
              0,
              2
            ],
            "data": "111157opvK2cy3hixu6AV9cf7HXkKyx6zqWumCzWyToiE1nkCRCbtpyWEG77ExWi2jgJNv",
            "programIdIndex": 11,
            "stackHeight": 2
          },
          {
            "accounts": [
              1,
              13,
              6,
              0
            ],
            "data": "g7d395hRk9gRn",
            "programIdIndex": 12,
            "stackHeight": 2
          },
          {
            "accounts": [
              4,
              17,
              7,
              0
            ],
            "data": "g78iJodwVUmEm",
            "programIdIndex": 12,
            "stackHeight": 2
          },
          {
            "accounts": [
              3,
              5,
              16
            ],
            "data": "6crXT2tGtVJo",
            "programIdIndex": 12,
            "stackHeight": 2
          },
          {
            "accounts": [
              0,
              8
            ],
            "data": "3Bxs4NQNnDSisSzK",
            "programIdIndex": 11,
            "stackHeight": 2
          },
          {
            "accounts": [
              8
            ],
            "data": "J",
            "programIdIndex": 12,
            "stackHeight": 2
          }
        ]
      }
    ],
    "loadedAddresses": {
      "readonly": [
        "SysvarRent111111111111111111111111111111111",
        "ATokenGPvbdGVxr1b2hvZbsiqW5xWH25efTNsLJA8knL"
      ],
      "writable": []
    },
    "logMessages": [
      "Program ComputeBudget111111111111111111111111111111 invoke [1]",
      "Program ComputeBudget111111111111111111111111111111 success",
      "Program ComputeBudget111111111111111111111111111111 invoke [1]",
      "Program ComputeBudget111111111111111111111111111111 success",
      "Program 11111111111111111111111111111111 invoke [1]",
      "Program 11111111111111111111111111111111 success",
      "Program TokenkegQfeZyiNwAJbNbGKPFXCWuBvf9Ss623VQ5DA invoke [1]",
      "Program log: Instruction: InitializeAccount",
      "Program TokenkegQfeZyiNwAJbNbGKPFXCWuBvf9Ss623VQ5DA consumed 3443 of 599550 compute units",
      "Program TokenkegQfeZyiNwAJbNbGKPFXCWuBvf9Ss623VQ5DA success",
      "Program CPMMoo8L3F4NbTegBCKVNunggL7H1ZpdTHKxQB5qKP1C invoke [1]",
      "Program log: Instruction: Initialize",
      "Program 11111111111111111111111111111111 invoke [2]",
      "Program 11111111111111111111111111111111 success",
      "Program TokenkegQfeZyiNwAJbNbGKPFXCWuBvf9Ss623VQ5DA invoke [2]",
      "Program log: Instruction: InitializeMint2",
      "Program TokenkegQfeZyiNwAJbNbGKPFXCWuBvf9Ss623VQ5DA consumed 2780 of 575072 compute units",
      "Program TokenkegQfeZyiNwAJbNbGKPFXCWuBvf9Ss623VQ5DA success",
      "Program ATokenGPvbdGVxr1b2hvZbsiqW5xWH25efTNsLJA8knL invoke [2]",
      "Program log: Create",
      "Program TokenkegQfeZyiNwAJbNbGKPFXCWuBvf9Ss623VQ5DA invoke [3]",
      "Program log: Instruction: GetAccountDataSize",
      "Program TokenkegQfeZyiNwAJbNbGKPFXCWuBvf9Ss623VQ5DA consumed 1595 of 558674 compute units",
      "Program return: TokenkegQfeZyiNwAJbNbGKPFXCWuBvf9Ss623VQ5DA pQAAAAAAAAA=",
      "Program TokenkegQfeZyiNwAJbNbGKPFXCWuBvf9Ss623VQ5DA success",
      "Program 11111111111111111111111111111111 invoke [3]",
      "Program 11111111111111111111111111111111 success",
      "Program log: Initialize the associated token account",
      "Program TokenkegQfeZyiNwAJbNbGKPFXCWuBvf9Ss623VQ5DA invoke [3]",
      "Program log: Instruction: InitializeImmutableOwner",
      "Program log: Please upgrade to SPL Token 2022 for immutable owner support",
      "Program TokenkegQfeZyiNwAJbNbGKPFXCWuBvf9Ss623VQ5DA consumed 1405 of 552061 compute units",
      "Program TokenkegQfeZyiNwAJbNbGKPFXCWuBvf9Ss623VQ5DA success",
      "Program TokenkegQfeZyiNwAJbNbGKPFXCWuBvf9Ss623VQ5DA invoke [3]",
      "Program log: Instruction: InitializeAccount3",
      "Program TokenkegQfeZyiNwAJbNbGKPFXCWuBvf9Ss623VQ5DA consumed 4214 of 548179 compute units",
      "Program TokenkegQfeZyiNwAJbNbGKPFXCWuBvf9Ss623VQ5DA success",
      "Program ATokenGPvbdGVxr1b2hvZbsiqW5xWH25efTNsLJA8knL consumed 20389 of 564071 compute units",
      "Program ATokenGPvbdGVxr1b2hvZbsiqW5xWH25efTNsLJA8knL success",
      "Program 11111111111111111111111111111111 invoke [2]",
      "Program 11111111111111111111111111111111 success",
      "Program 11111111111111111111111111111111 invoke [2]",
      "Program 11111111111111111111111111111111 success",
      "Program TokenkegQfeZyiNwAJbNbGKPFXCWuBvf9Ss623VQ5DA invoke [2]",
      "Program log: Instruction: InitializeAccount3",
      "Program TokenkegQfeZyiNwAJbNbGKPFXCWuBvf9Ss623VQ5DA consumed 3158 of 514053 compute units",
      "Program TokenkegQfeZyiNwAJbNbGKPFXCWuBvf9Ss623VQ5DA success",
      "Program 11111111111111111111111111111111 invoke [2]",
      "Program 11111111111111111111111111111111 success",
      "Program TokenkegQfeZyiNwAJbNbGKPFXCWuBvf9Ss623VQ5DA invoke [2]",
      "Program log: Instruction: InitializeAccount3",
      "Program TokenkegQfeZyiNwAJbNbGKPFXCWuBvf9Ss623VQ5DA consumed 4188 of 504121 compute units",
      "Program TokenkegQfeZyiNwAJbNbGKPFXCWuBvf9Ss623VQ5DA success",
      "Program 11111111111111111111111111111111 invoke [2]",
      "Program 11111111111111111111111111111111 success",
      "Program TokenkegQfeZyiNwAJbNbGKPFXCWuBvf9Ss623VQ5DA invoke [2]",
      "Program log: Instruction: TransferChecked",
      "Program TokenkegQfeZyiNwAJbNbGKPFXCWuBvf9Ss623VQ5DA consumed 6238 of 489811 compute units",
      "Program TokenkegQfeZyiNwAJbNbGKPFXCWuBvf9Ss623VQ5DA success",
      "Program TokenkegQfeZyiNwAJbNbGKPFXCWuBvf9Ss623VQ5DA invoke [2]",
      "Program log: Instruction: TransferChecked",
      "Program TokenkegQfeZyiNwAJbNbGKPFXCWuBvf9Ss623VQ5DA consumed 6147 of 479660 compute units",
      "Program TokenkegQfeZyiNwAJbNbGKPFXCWuBvf9Ss623VQ5DA success",
      "Program log: liquidity:900000000000, lock_lp_amount:100, vault_0_amount:900000000,vault_1_amount:900000000000000",
      "Program TokenkegQfeZyiNwAJbNbGKPFXCWuBvf9Ss623VQ5DA invoke [2]",
      "Program log: Instruction: MintTo",
      "Program TokenkegQfeZyiNwAJbNbGKPFXCWuBvf9Ss623VQ5DA consumed 4492 of 461100 compute units",
      "Program TokenkegQfeZyiNwAJbNbGKPFXCWuBvf9Ss623VQ5DA success",
      "Program 11111111111111111111111111111111 invoke [2]",
      "Program 11111111111111111111111111111111 success",
      "Program TokenkegQfeZyiNwAJbNbGKPFXCWuBvf9Ss623VQ5DA invoke [2]",
      "Program log: Instruction: SyncNative",
      "Program TokenkegQfeZyiNwAJbNbGKPFXCWuBvf9Ss623VQ5DA consumed 3045 of 452511 compute units",
      "Program TokenkegQfeZyiNwAJbNbGKPFXCWuBvf9Ss623VQ5DA success",
      "Program CPMMoo8L3F4NbTegBCKVNunggL7H1ZpdTHKxQB5qKP1C consumed 148537 of 596107 compute units",
      "Program CPMMoo8L3F4NbTegBCKVNunggL7H1ZpdTHKxQB5qKP1C success",
      "Program TokenkegQfeZyiNwAJbNbGKPFXCWuBvf9Ss623VQ5DA invoke [1]",
      "Program log: Instruction: CloseAccount",
      "Program TokenkegQfeZyiNwAJbNbGKPFXCWuBvf9Ss623VQ5DA consumed 2915 of 447570 compute units",
      "Program TokenkegQfeZyiNwAJbNbGKPFXCWuBvf9Ss623VQ5DA success"
    ],
    "postBalances": [
      91766858,
      0,
      5324400,
      1461600,
      2039280,
      2039280,
      902039280,
      2039280,
      13376502039281,
      29252880,
      1,
      1,
      934087680,
      1004558059095,
      1141440,
      2533440,
      884762092571,
      1461600,
      1009200,
      731913600
    ],
    "postTokenBalances": [
      {
        "accountIndex": 4,
        "mint": "8FaC4aRSg4Fg1ssVrikvqQiYvtn7TroXxRaUDdBP84yA",
        "owner": "A6MUaRDsCofr9oxu2qVJRi4tNqNcGMhb2poEudpuKFuh",
        "programId": "TokenkegQfeZyiNwAJbNbGKPFXCWuBvf9Ss623VQ5DA",
        "uiTokenAmount": {
          "amount": "100000000000000",
          "decimals": 6,
          "uiAmount": 100000000,
          "uiAmountString": "100000000"
        }
      },
      {
        "accountIndex": 5,
        "mint": "Cp1Rf2SWnJah2fHoYtWbsyq1tAjEM64ajdbV6jAP7pu8",
        "owner": "A6MUaRDsCofr9oxu2qVJRi4tNqNcGMhb2poEudpuKFuh",
        "programId": "TokenkegQfeZyiNwAJbNbGKPFXCWuBvf9Ss623VQ5DA",
        "uiTokenAmount": {
          "amount": "899999999900",
          "decimals": 9,
          "uiAmount": 899.9999999,
          "uiAmountString": "899.9999999"
        }
      },
      {
        "accountIndex": 6,
        "mint": "So11111111111111111111111111111111111111112",
        "owner": "GpMZbSM2GgvTKHJirzeGfMFoaZ8UR2X7F4v8vHTvxFbL",
        "programId": "TokenkegQfeZyiNwAJbNbGKPFXCWuBvf9Ss623VQ5DA",
        "uiTokenAmount": {
          "amount": "900000000",
          "decimals": 9,
          "uiAmount": 0.9,
          "uiAmountString": "0.9"
        }
      },
      {
        "accountIndex": 7,
        "mint": "8FaC4aRSg4Fg1ssVrikvqQiYvtn7TroXxRaUDdBP84yA",
        "owner": "GpMZbSM2GgvTKHJirzeGfMFoaZ8UR2X7F4v8vHTvxFbL",
        "programId": "TokenkegQfeZyiNwAJbNbGKPFXCWuBvf9Ss623VQ5DA",
        "uiTokenAmount": {
          "amount": "900000000000000",
          "decimals": 6,
          "uiAmount": 900000000,
          "uiAmountString": "900000000"
        }
      },
      {
        "accountIndex": 8,
        "mint": "So11111111111111111111111111111111111111112",
        "owner": "GThUX1Atko4tqhN2NaiTazWSeFWMuiUvfFnyJyUghFMJ",
        "programId": "TokenkegQfeZyiNwAJbNbGKPFXCWuBvf9Ss623VQ5DA",
        "uiTokenAmount": {
          "amount": "13376500000001",
          "decimals": 9,
          "uiAmount": 13376.500000001,
          "uiAmountString": "13376.500000001"
        }
      }
    ],
    "preBalances": [
      1183943688,
      0,
      0,
      0,
      2039280,
      0,
      0,
      0,
      13376352039281,
      0,
      1,
      1,
      934087680,
      1004558059095,
      1141440,
      2533440,
      884762092571,
      1461600,
      1009200,
      731913600
    ],
    "preTokenBalances": [
      {
        "accountIndex": 4,
        "mint": "8FaC4aRSg4Fg1ssVrikvqQiYvtn7TroXxRaUDdBP84yA",
        "owner": "A6MUaRDsCofr9oxu2qVJRi4tNqNcGMhb2poEudpuKFuh",
        "programId": "TokenkegQfeZyiNwAJbNbGKPFXCWuBvf9Ss623VQ5DA",
        "uiTokenAmount": {
          "amount": "1000000000000000",
          "decimals": 6,
          "uiAmount": 1000000000,
          "uiAmountString": "1000000000"
        }
      },
      {
        "accountIndex": 8,
        "mint": "So11111111111111111111111111111111111111112",
        "owner": "GThUX1Atko4tqhN2NaiTazWSeFWMuiUvfFnyJyUghFMJ",
        "programId": "TokenkegQfeZyiNwAJbNbGKPFXCWuBvf9Ss623VQ5DA",
        "uiTokenAmount": {
          "amount": "13376350000001",
          "decimals": 9,
          "uiAmount": 13376.350000001,
          "uiAmountString": "13376.350000001"
        }
      }
    ],
    "rewards": [],
    "status": {
      "Ok": null
    }
  },
  "slot": 329441762,
  "transaction": {
    "message": {
      "header": {
        "numReadonlySignedAccounts": 0,
        "numReadonlyUnsignedAccounts": 8,
        "numRequiredSignatures": 1
      },
      "staticAccountKeys": [
        "A6MUaRDsCofr9oxu2qVJRi4tNqNcGMhb2poEudpuKFuh",
        "GAMYkNHwfxcfvdCGY25TYsdiv84UU48QaqZmWy75UzBo",
        "5nzkwSqqKvBw9usDSFZDCoVPxrpddhPVqWeUpjMixkYM",
        "Cp1Rf2SWnJah2fHoYtWbsyq1tAjEM64ajdbV6jAP7pu8",
        "5a2R99WDZiH8Erj7sz9Bknktj1KnLiVzhhdzmEsjWtMK",
        "ACsuHgfkfBfeXRMkWEnpZgyQZ6nNP1SosLWAUAwT1qZK",
        "DMjxqLrUXvG5pTmtiKpWutXQbqKYeMvQrTXcYNQ931S4",
        "3jPeBQTm8RzTiUEWL1XMcH5mgsCnjZSAn3HsBCNv7oYg",
        "DNXgeM9EiiaAbaWvwjHj9fQQLAX5ZsfHyvmYUNRAdNC8",
        "CsqBofbKySaze7nBatJ57MQ1gUm5Fdh2cZ6i7ZqzLPT1",
        "ComputeBudget111111111111111111111111111111",
        "11111111111111111111111111111111",
        "TokenkegQfeZyiNwAJbNbGKPFXCWuBvf9Ss623VQ5DA",
        "So11111111111111111111111111111111111111112",
        "CPMMoo8L3F4NbTegBCKVNunggL7H1ZpdTHKxQB5qKP1C",
        "2fGXL8uhqxJ4tpgtosHZXT4zcQap6j62z3bMDxdkMvy5",
        "GpMZbSM2GgvTKHJirzeGfMFoaZ8UR2X7F4v8vHTvxFbL",
        "8FaC4aRSg4Fg1ssVrikvqQiYvtn7TroXxRaUDdBP84yA"
      ],
      "recentBlockhash": "4aqt8TUAZdLKwAafzS8PxuWmS6tFmjyApW4fkeFU5RQ4",
      "compiledInstructions": [
        {
          "programIdIndex": 10,
          "accountKeyIndexes": [],
          "data": {
            "type": "Buffer",
            "data": [
              3,
              94,
              98,
              0,
              0,
              0,
              0,
              0,
              0
            ]
          }
        },
        {
          "programIdIndex": 10,
          "accountKeyIndexes": [],
          "data": {
            "type": "Buffer",
            "data": [
              2,
              192,
              39,
              9,
              0
            ]
          }
        },
        {
          "programIdIndex": 11,
          "accountKeyIndexes": [
            0,
            1
          ],
          "data": {
            "type": "Buffer",
            "data": [
              3,
              0,
              0,
              0,
              135,
              24,
              60,
              240,
              198,
              181,
              254,
              230,
              135,
              248,
              244,
              167,
              249,
              43,
              141,
              48,
              156,
              214,
              255,
              75,
              79,
              98,
              39,
              74,
              168,
              183,
              123,
              41,
              194,
              23,
              90,
              88,
              32,
              0,
              0,
              0,
              0,
              0,
              0,
              0,
              56,
              106,
              71,
              100,
              72,
              105,
              122,
              85,
              116,
              69,
              97,
              102,
              51,
              112,
              111,
              116,
              115,
              114,
              106,
              81,
              100,
              70,
              106,
              104,
              97,
              105,
              120,
              102,
              116,
              55,
              116,
              66,
              240,
              6,
              196,
              53,
              0,
              0,
              0,
              0,
              165,
              0,
              0,
              0,
              0,
              0,
              0,
              0,
              6,
              221,
              246,
              225,
              215,
              101,
              161,
              147,
              217,
              203,
              225,
              70,
              206,
              235,
              121,
              172,
              28,
              180,
              133,
              237,
              95,
              91,
              55,
              145,
              58,
              140,
              245,
              133,
              126,
              255,
              0,
              169
            ]
          }
        },
        {
          "programIdIndex": 12,
          "accountKeyIndexes": [
            1,
            13,
            0,
            18
          ],
          "data": {
            "type": "Buffer",
            "data": [
              1
            ]
          }
        },
        {
          "programIdIndex": 14,
          "accountKeyIndexes": [
            0,
            15,
            16,
            2,
            13,
            17,
            3,
            1,
            4,
            5,
            6,
            7,
            8,
            9,
            12,
            12,
            12,
            19,
            11,
            18
          ],
          "data": {
            "type": "Buffer",
            "data": [
              175,
              175,
              109,
              31,
              13,
              152,
              155,
              237,
              0,
              233,
              164,
              53,
              0,
              0,
              0,
              0,
              0,
              64,
              76,
              148,
              139,
              50,
              3,
              0,
              23,
              210,
              228,
              103,
              0,
              0,
              0,
              0
            ]
          }
        },
        {
          "programIdIndex": 12,
          "accountKeyIndexes": [
            1,
            0,
            0
          ],
          "data": {
            "type": "Buffer",
            "data": [
              9
            ]
          }
        }
      ],
      "addressTableLookups": [
        {
          "accountKey": "2immgwYNHBbyVQKVGCEkgWpi53bLwWNRMB5G2nbgYV17",
          "readonlyIndexes": [
            5,
            7
          ],
          "writableIndexes": []
        }
      ]
    },
    "signatures": [
      "25ed7Ce9ZP2KzqU8TRTuaAnag1KSwJyTLXdMRawM11sEW1ABx8ttQ1GDtKeGwaViVDEcPEpCmnqoeQneFuPe2V9C"
    ]
  },
  "version": 0
}
{
  "blockTime": 1743049215,
  "meta": {
    "computeUnitsConsumed": 152819,
    "err": null,
    "fee": 20110,
    "innerInstructions": [
      {
        "index": 4,
        "instructions": [
          {
            "accounts": [
              0,
              3
            ],
            "data": "11114XtYk9gGfZoo968fyjNUYQJKf9gdmkGoaoBpzFv4vyaSMBn3VKxZdv7mZLzoyX5YNC",
            "programIdIndex": 11,
            "stackHeight": 2
          },
          {
            "accounts": [
              3
            ],
            "data": "2zyCQrLrJ8qJZ7xwyczebjqcvfE7xKD3E1d1hJ9CX7dGLUQP",
            "programIdIndex": 12,
            "stackHeight": 2
          },
          {
            "accounts": [
              0,
              5,
              0,
              3,
              11,
              12
            ],
            "data": "1",
            "programIdIndex": 19,
            "stackHeight": 2
          },
          {
            "accounts": [
              3
            ],
            "data": "84eT",
            "programIdIndex": 12,
            "stackHeight": 3
          },
          {
            "accounts": [
              0,
              5
            ],
            "data": "11119os1e9qSs2u7TsThXqkBSRVFxhmYaFKFZ1waB2X7armDmvK3p5GmLdUxYdg3h7QSrL",
            "programIdIndex": 11,
            "stackHeight": 3
          },
          {
            "accounts": [
              5
            ],
            "data": "P",
            "programIdIndex": 12,
            "stackHeight": 3
          },
          {
            "accounts": [
              5,
              3
            ],
            "data": "6QgFpExCqE3bMB4e2XGFT3TRxNHTMdm1Pt9Rmqicu2VDP",
            "programIdIndex": 12,
            "stackHeight": 3
          },
          {
            "accounts": [
              0,
              9
            ],
            "data": "1111bpavYiViwv9Hbb3QGLmrS9KFUUrhxh6Dq8ewmNzqRtsNVKS2gdFg7wJG41VAinriE",
            "programIdIndex": 11,
            "stackHeight": 2
          },
          {
            "accounts": [
              0,
              6
            ],
            "data": "11119os1e9qSs2u7TsThXqkBSRVFxhmYaFKFZ1waB2X7armDmvK3p5GmLdUxYdg3h7QSrL",
            "programIdIndex": 11,
            "stackHeight": 2
          },
          {
            "accounts": [
              6,
              13
            ],
            "data": "6cx4EXdspZYCHamQEx9qc9KhC5SiHpmnowz5zQs9kFQ2J",
            "programIdIndex": 12,
            "stackHeight": 2
          },
          {
            "accounts": [
              0,
              7
            ],
            "data": "11119os1e9qSs2u7TsThXqkBSRVFxhmYaFKFZ1waB2X7armDmvK3p5GmLdUxYdg3h7QSrL",
            "programIdIndex": 11,
            "stackHeight": 2
          },
          {
            "accounts": [
              7,
              17
            ],
            "data": "6cx4EXdspZYCHamQEx9qc9KhC5SiHpmnowz5zQs9kFQ2J",
            "programIdIndex": 12,
            "stackHeight": 2
          },
          {
            "accounts": [
              0,
              2
            ],
            "data": "111157opvK2cy3hixu6AV9cf7HXkKyx6zqWumCzWyToiE1nkCRCbtpyWEG77ExWi2jgJNv",
            "programIdIndex": 11,
            "stackHeight": 2
          },
          {
            "accounts": [
              1,
              13,
              6,
              0
            ],
            "data": "hk98wtmxvGcGp",
            "programIdIndex": 12,
            "stackHeight": 2
          },
          {
            "accounts": [
              4,
              17,
              7,
              0
            ],
            "data": "iQT2YRTpRYfeM",
            "programIdIndex": 12,
            "stackHeight": 2
          },
          {
            "accounts": [
              3,
              5,
              16
            ],
            "data": "6LmwJTwJdK5Z",
            "programIdIndex": 12,
            "stackHeight": 2
          },
          {
            "accounts": [
              0,
              8
            ],
            "data": "3Bxs4NQNnDSisSzK",
            "programIdIndex": 11,
            "stackHeight": 2
          },
          {
            "accounts": [
              8
            ],
            "data": "J",
            "programIdIndex": 12,
            "stackHeight": 2
          }
        ]
      }
    ],
    "loadedAddresses": {
      "readonly": [
        "SysvarRent111111111111111111111111111111111",
        "ATokenGPvbdGVxr1b2hvZbsiqW5xWH25efTNsLJA8knL"
      ],
      "writable": []
    },
    "logMessages": [
      "Program ComputeBudget111111111111111111111111111111 invoke [1]",
      "Program ComputeBudget111111111111111111111111111111 success",
      "Program ComputeBudget111111111111111111111111111111 invoke [1]",
      "Program ComputeBudget111111111111111111111111111111 success",
      "Program 11111111111111111111111111111111 invoke [1]",
      "Program 11111111111111111111111111111111 success",
      "Program TokenkegQfeZyiNwAJbNbGKPFXCWuBvf9Ss623VQ5DA invoke [1]",
      "Program log: Instruction: InitializeAccount",
      "Program TokenkegQfeZyiNwAJbNbGKPFXCWuBvf9Ss623VQ5DA consumed 3443 of 599550 compute units",
      "Program TokenkegQfeZyiNwAJbNbGKPFXCWuBvf9Ss623VQ5DA success",
      "Program CPMMoo8L3F4NbTegBCKVNunggL7H1ZpdTHKxQB5qKP1C invoke [1]",
      "Program log: Instruction: Initialize",
      "Program 11111111111111111111111111111111 invoke [2]",
      "Program 11111111111111111111111111111111 success",
      "Program TokenkegQfeZyiNwAJbNbGKPFXCWuBvf9Ss623VQ5DA invoke [2]",
      "Program log: Instruction: InitializeMint2",
      "Program TokenkegQfeZyiNwAJbNbGKPFXCWuBvf9Ss623VQ5DA consumed 2780 of 575072 compute units",
      "Program TokenkegQfeZyiNwAJbNbGKPFXCWuBvf9Ss623VQ5DA success",
      "Program ATokenGPvbdGVxr1b2hvZbsiqW5xWH25efTNsLJA8knL invoke [2]",
      "Program log: Create",
      "Program TokenkegQfeZyiNwAJbNbGKPFXCWuBvf9Ss623VQ5DA invoke [3]",
      "Program log: Instruction: GetAccountDataSize",
      "Program TokenkegQfeZyiNwAJbNbGKPFXCWuBvf9Ss623VQ5DA consumed 1595 of 558674 compute units",
      "Program return: TokenkegQfeZyiNwAJbNbGKPFXCWuBvf9Ss623VQ5DA pQAAAAAAAAA=",
      "Program TokenkegQfeZyiNwAJbNbGKPFXCWuBvf9Ss623VQ5DA success",
      "Program 11111111111111111111111111111111 invoke [3]",
      "Program 11111111111111111111111111111111 success",
      "Program log: Initialize the associated token account",
      "Program TokenkegQfeZyiNwAJbNbGKPFXCWuBvf9Ss623VQ5DA invoke [3]",
      "Program log: Instruction: InitializeImmutableOwner",
      "Program log: Please upgrade to SPL Token 2022 for immutable owner support",
      "Program TokenkegQfeZyiNwAJbNbGKPFXCWuBvf9Ss623VQ5DA consumed 1405 of 552061 compute units",
      "Program TokenkegQfeZyiNwAJbNbGKPFXCWuBvf9Ss623VQ5DA success",
      "Program TokenkegQfeZyiNwAJbNbGKPFXCWuBvf9Ss623VQ5DA invoke [3]",
      "Program log: Instruction: InitializeAccount3",
      "Program TokenkegQfeZyiNwAJbNbGKPFXCWuBvf9Ss623VQ5DA consumed 4214 of 548179 compute units",
      "Program TokenkegQfeZyiNwAJbNbGKPFXCWuBvf9Ss623VQ5DA success",
      "Program ATokenGPvbdGVxr1b2hvZbsiqW5xWH25efTNsLJA8knL consumed 20389 of 564071 compute units",
      "Program ATokenGPvbdGVxr1b2hvZbsiqW5xWH25efTNsLJA8knL success",
      "Program 11111111111111111111111111111111 invoke [2]",
      "Program 11111111111111111111111111111111 success",
      "Program 11111111111111111111111111111111 invoke [2]",
      "Program 11111111111111111111111111111111 success",
      "Program TokenkegQfeZyiNwAJbNbGKPFXCWuBvf9Ss623VQ5DA invoke [2]",
      "Program log: Instruction: InitializeAccount3",
      "Program TokenkegQfeZyiNwAJbNbGKPFXCWuBvf9Ss623VQ5DA consumed 3158 of 518553 compute units",
      "Program TokenkegQfeZyiNwAJbNbGKPFXCWuBvf9Ss623VQ5DA success",
      "Program 11111111111111111111111111111111 invoke [2]",
      "Program 11111111111111111111111111111111 success",
      "Program TokenkegQfeZyiNwAJbNbGKPFXCWuBvf9Ss623VQ5DA invoke [2]",
      "Program log: Instruction: InitializeAccount3",
      "Program TokenkegQfeZyiNwAJbNbGKPFXCWuBvf9Ss623VQ5DA consumed 4188 of 508621 compute units",
      "Program TokenkegQfeZyiNwAJbNbGKPFXCWuBvf9Ss623VQ5DA success",
      "Program 11111111111111111111111111111111 invoke [2]",
      "Program 11111111111111111111111111111111 success",
      "Program TokenkegQfeZyiNwAJbNbGKPFXCWuBvf9Ss623VQ5DA invoke [2]",
      "Program log: Instruction: TransferChecked",
      "Program TokenkegQfeZyiNwAJbNbGKPFXCWuBvf9Ss623VQ5DA consumed 6238 of 491311 compute units",
      "Program TokenkegQfeZyiNwAJbNbGKPFXCWuBvf9Ss623VQ5DA success",
      "Program TokenkegQfeZyiNwAJbNbGKPFXCWuBvf9Ss623VQ5DA invoke [2]",
      "Program log: Instruction: TransferChecked",
      "Program TokenkegQfeZyiNwAJbNbGKPFXCWuBvf9Ss623VQ5DA consumed 6147 of 481160 compute units",
      "Program TokenkegQfeZyiNwAJbNbGKPFXCWuBvf9Ss623VQ5DA success",
      "Program log: liquidity:1337263520, lock_lp_amount:100, vault_0_amount:50000000,vault_1_amount:35765474484",
      "Program TokenkegQfeZyiNwAJbNbGKPFXCWuBvf9Ss623VQ5DA invoke [2]",
      "Program log: Instruction: MintTo",
      "Program TokenkegQfeZyiNwAJbNbGKPFXCWuBvf9Ss623VQ5DA consumed 4492 of 463626 compute units",
      "Program TokenkegQfeZyiNwAJbNbGKPFXCWuBvf9Ss623VQ5DA success",
      "Program 11111111111111111111111111111111 invoke [2]",
      "Program 11111111111111111111111111111111 success",
      "Program TokenkegQfeZyiNwAJbNbGKPFXCWuBvf9Ss623VQ5DA invoke [2]",
      "Program log: Instruction: SyncNative",
      "Program TokenkegQfeZyiNwAJbNbGKPFXCWuBvf9Ss623VQ5DA consumed 3045 of 455037 compute units",
      "Program TokenkegQfeZyiNwAJbNbGKPFXCWuBvf9Ss623VQ5DA success",
      "Program CPMMoo8L3F4NbTegBCKVNunggL7H1ZpdTHKxQB5qKP1C consumed 146011 of 596107 compute units",
      "Program CPMMoo8L3F4NbTegBCKVNunggL7H1ZpdTHKxQB5qKP1C success",
      "Program TokenkegQfeZyiNwAJbNbGKPFXCWuBvf9Ss623VQ5DA invoke [1]",
      "Program log: Instruction: CloseAccount",
      "Program TokenkegQfeZyiNwAJbNbGKPFXCWuBvf9Ss623VQ5DA consumed 2915 of 450096 compute units",
      "Program TokenkegQfeZyiNwAJbNbGKPFXCWuBvf9Ss623VQ5DA success"
    ],
    "postBalances": [
      756832286,
      0,
      5324400,
      1461600,
      2039280,
      2039280,
      52039280,
      2039280,
      13376652039281,
      29252880,
      1,
      1,
      934087680,
      1004558059095,
      1141440,
      2533440,
      884772556937,
      1461600,
      1009200,
      731913600
    ],
    "postTokenBalances": [
      {
        "accountIndex": 4,
        "mint": "BZ1uMZSYeRkRW8UpbCFxQ1FzJr9pcyjsBDQoqSHTpump",
        "owner": "4YZ9Jkg2wCKWuaYWS747ZUzZsPsYE1jhBEFvM8w5jLnR",
        "programId": "TokenkegQfeZyiNwAJbNbGKPFXCWuBvf9Ss623VQ5DA",
        "uiTokenAmount": {
          "amount": "0",
          "decimals": 6,
          "uiAmount": null,
          "uiAmountString": "0"
        }
      },
      {
        "accountIndex": 5,
        "mint": "eWEJWqDQKJrAESXy5mn4TwT1KSW4r5YifRu2eFLHQ9W",
        "owner": "4YZ9Jkg2wCKWuaYWS747ZUzZsPsYE1jhBEFvM8w5jLnR",
        "programId": "TokenkegQfeZyiNwAJbNbGKPFXCWuBvf9Ss623VQ5DA",
        "uiTokenAmount": {
          "amount": "1337263420",
          "decimals": 9,
          "uiAmount": 1.33726342,
          "uiAmountString": "1.33726342"
        }
      },
      {
        "accountIndex": 6,
        "mint": "So11111111111111111111111111111111111111112",
        "owner": "GpMZbSM2GgvTKHJirzeGfMFoaZ8UR2X7F4v8vHTvxFbL",
        "programId": "TokenkegQfeZyiNwAJbNbGKPFXCWuBvf9Ss623VQ5DA",
        "uiTokenAmount": {
          "amount": "50000000",
          "decimals": 9,
          "uiAmount": 0.05,
          "uiAmountString": "0.05"
        }
      },
      {
        "accountIndex": 7,
        "mint": "BZ1uMZSYeRkRW8UpbCFxQ1FzJr9pcyjsBDQoqSHTpump",
        "owner": "GpMZbSM2GgvTKHJirzeGfMFoaZ8UR2X7F4v8vHTvxFbL",
        "programId": "TokenkegQfeZyiNwAJbNbGKPFXCWuBvf9Ss623VQ5DA",
        "uiTokenAmount": {
          "amount": "35765474484",
          "decimals": 6,
          "uiAmount": 35765.474484,
          "uiAmountString": "35765.474484"
        }
      },
      {
        "accountIndex": 8,
        "mint": "So11111111111111111111111111111111111111112",
        "owner": "GThUX1Atko4tqhN2NaiTazWSeFWMuiUvfFnyJyUghFMJ",
        "programId": "TokenkegQfeZyiNwAJbNbGKPFXCWuBvf9Ss623VQ5DA",
        "uiTokenAmount": {
          "amount": "13376650000001",
          "decimals": 9,
          "uiAmount": 13376.650000001,
          "uiAmountString": "13376.650000001"
        }
      }
    ],
    "preBalances": [
      999009116,
      0,
      0,
      0,
      2039280,
      0,
      0,
      0,
      13376502039281,
      0,
      1,
      1,
      934087680,
      1004558059095,
      1141440,
      2533440,
      884772556937,
      1461600,
      1009200,
      731913600
    ],
    "preTokenBalances": [
      {
        "accountIndex": 4,
        "mint": "BZ1uMZSYeRkRW8UpbCFxQ1FzJr9pcyjsBDQoqSHTpump",
        "owner": "4YZ9Jkg2wCKWuaYWS747ZUzZsPsYE1jhBEFvM8w5jLnR",
        "programId": "TokenkegQfeZyiNwAJbNbGKPFXCWuBvf9Ss623VQ5DA",
        "uiTokenAmount": {
          "amount": "35765474484",
          "decimals": 6,
          "uiAmount": 35765.474484,
          "uiAmountString": "35765.474484"
        }
      },
      {
        "accountIndex": 8,
        "mint": "So11111111111111111111111111111111111111112",
        "owner": "GThUX1Atko4tqhN2NaiTazWSeFWMuiUvfFnyJyUghFMJ",
        "programId": "TokenkegQfeZyiNwAJbNbGKPFXCWuBvf9Ss623VQ5DA",
        "uiTokenAmount": {
          "amount": "13376500000001",
          "decimals": 9,
          "uiAmount": 13376.500000001,
          "uiAmountString": "13376.500000001"
        }
      }
    ],
    "rewards": [],
    "status": {
      "Ok": null
    }
  },
  "slot": 329441849,
  "transaction": {
    "message": {
      "header": {
        "numReadonlySignedAccounts": 0,
        "numReadonlyUnsignedAccounts": 8,
        "numRequiredSignatures": 1
      },
      "staticAccountKeys": [
        "4YZ9Jkg2wCKWuaYWS747ZUzZsPsYE1jhBEFvM8w5jLnR",
        "JgghvQVj35LRmvkJkcrkd8hbQjwqBoy5YudRvAnSwcP",
        "5Jk4gZ8UYhAC78PAagSpeJk1YNn3anEhWLC3BvsQi4ih",
        "eWEJWqDQKJrAESXy5mn4TwT1KSW4r5YifRu2eFLHQ9W",
        "HPKn2mhzoXRV2fz3kDkUQBpnrX2enhSYLhw2reuSFjjY",
        "GmPKiwDvfKAwAn8xuEDD1PubDxJhVymopWVSi39bHTqB",
        "3EiD1nAvhmzmuK3YPixg1QiQn78kk9tT3v5Jmv2mniaX",
        "81gQ8LmNobS5NXZerFykqHKLP4QJRQbJ7GcFi8PznMt5",
        "DNXgeM9EiiaAbaWvwjHj9fQQLAX5ZsfHyvmYUNRAdNC8",
        "65Z6fqhBc4oQZpkfvFyrHZB4yeck4smmFrxbR2sYVG7L",
        "ComputeBudget111111111111111111111111111111",
        "11111111111111111111111111111111",
        "TokenkegQfeZyiNwAJbNbGKPFXCWuBvf9Ss623VQ5DA",
        "So11111111111111111111111111111111111111112",
        "CPMMoo8L3F4NbTegBCKVNunggL7H1ZpdTHKxQB5qKP1C",
        "D4FPEruKEHrG5TenZ2mpDGEfu1iUvTiqBxvpU8HLBvC2",
        "GpMZbSM2GgvTKHJirzeGfMFoaZ8UR2X7F4v8vHTvxFbL",
        "BZ1uMZSYeRkRW8UpbCFxQ1FzJr9pcyjsBDQoqSHTpump"
      ],
      "recentBlockhash": "Mwx5bESo4YFtNjPMphWEjxv7qkAfrtRZQzAJmvki6Dj",
      "compiledInstructions": [
        {
          "programIdIndex": 10,
          "accountKeyIndexes": [],
          "data": {
            "type": "Buffer",
            "data": [
              3,
              94,
              98,
              0,
              0,
              0,
              0,
              0,
              0
            ]
          }
        },
        {
          "programIdIndex": 10,
          "accountKeyIndexes": [],
          "data": {
            "type": "Buffer",
            "data": [
              2,
              192,
              39,
              9,
              0
            ]
          }
        },
        {
          "programIdIndex": 11,
          "accountKeyIndexes": [
            0,
            1
          ],
          "data": {
            "type": "Buffer",
            "data": [
              3,
              0,
              0,
              0,
              52,
              168,
              105,
              9,
              140,
              173,
              2,
              20,
              43,
              252,
              67,
              88,
              125,
              214,
              77,
              149,
              143,
              218,
              76,
              218,
              103,
              115,
              123,
              118,
              30,
              128,
              31,
              160,
            jq: parse error: Invalid numeric literal at line 3, column 3
  22,
              73,
              149,
              70,
              32,
              0,
              0,
              0,
              0,
              0,
              0,
              0,
              69,
              53,
              97,
              72,
              101,
              117,
              53,
              89,
              112,
              114,
              99,
              98,
              56,
              116,
              71,
              52,
              67,
              115,
              122,
              119,
              102,
              81,
              72,
              49,
              117,
              101,
              76,
              66,
              114,
              56,
              78,
              106,
              112,
              14,
              26,
              3,
              0,
              0,
              0,
              0,
              165,
              0,
              0,
              0,
              0,
              0,
              0,
              0,
              6,
              221,
              246,
              225,
              215,
              101,
              161,
              147,
              217,
              203,
              225,
              70,
              206,
              235,
              121,
              172,
              28,
              180,
              133,
              237,
              95,
              91,
              55,
              145,
              58,
              140,
              245,
              133,
              126,
              255,
              0,
              169
            ]
          }
        },
        {
          "programIdIndex": 12,
          "accountKeyIndexes": [
            1,
            13,
            0,
            18
          ],
          "data": {
            "type": "Buffer",
            "data": [
              1
            ]
          }
        },
        {
          "programIdIndex": 14,
          "accountKeyIndexes": [
            0,
            15,
            16,
            2,
            13,
            17,
            3,
            1,
            4,
            5,
            6,
            7,
            8,
            9,
            12,
            12,
            12,
            19,
            11,
            18
          ],
          "data": {
            "type": "Buffer",
            "data": [
              175,
              175,
              109,
              31,
              13,
              152,
              155,
              237,
              128,
              240,
              250,
              2,
              0,
              0,
              0,
              0,
              180,
              212,
              201,
              83,
              8,
              0,
              0,
              0,
              56,
              210,
              228,
              103,
              0,
              0,
              0,
              0
            ]
          }
        },
        {
          "programIdIndex": 12,
          "accountKeyIndexes": [
            1,
            0,
            0
          ],
          "data": {
            "type": "Buffer",
            "data": [
              9
            ]
          }
        }
      ],
      "addressTableLookups": [
        {
          "accountKey": "2immgwYNHBbyVQKVGCEkgWpi53bLwWNRMB5G2nbgYV17",
          "readonlyIndexes": [
            5,
            7
          ],
          "writableIndexes": []
        }
      ]
    },
    "signatures": [
      "3MdmdkgWSFNttSNBAeQ7HAfdRymQp2t7AWYNy3XSHL9MyKwkV5g2hSzcRh981zk8dTpw69bubu1x7rMFXdLSCv7F"
    ]
  },
  "version": 0
}
